2024-01-11 13:49:44,832 [Worker-3: Loading available Gradle versions] INFO  o.e.b.c.i.u.g.PublishedGradleVersions - Gradle version information cache is up-to-date. Trying to read.
2024-01-11 13:53:38,533 [Worker-6: Loading available Gradle versions] INFO  o.e.b.c.i.u.g.PublishedGradleVersions - Gradle version information cache is up-to-date. Trying to read.
2024-01-11 13:59:11,560 [Worker-8: Loading available Gradle versions] INFO  o.e.b.c.i.u.g.PublishedGradleVersions - Gradle version information cache is up-to-date. Trying to read.
2024-01-12 10:35:32,401 [Worker-3: Loading available Gradle versions] INFO  o.e.b.c.i.u.g.PublishedGradleVersions - Gradle version information cache is up-to-date. Trying to read.
2024-01-12 10:42:12,259 [Worker-7: Loading available Gradle versions] INFO  o.e.b.c.i.u.g.PublishedGradleVersions - Gradle version information cache is up-to-date. Trying to read.
2024-01-12 10:44:31,693 [Worker-7: Loading available Gradle versions] INFO  o.e.b.c.i.u.g.PublishedGradleVersions - Gradle version information cache is up-to-date. Trying to read.
2024-01-12 10:50:08,139 [Worker-42: Building] INFO  o.e.m.c.i.l.LifecycleMappingFactory - Using org.eclipse.m2e.jdt.JarLifecycleMapping lifecycle mapping for MavenProject: ies.grupo3.interfaces:Proyecto_Interfaces:0.0.1-SNAPSHOT @ C:\Users\bafli\git\proyectoInterfacezV2\v3\ProyectoInterfaces\pom.xml.
2024-01-12 10:50:08,597 [Worker-42: Building] INFO  o.e.m.c.i.e.AbstractTransferListenerAdapter - Downloading https://repo.maven.apache.org/maven2/org/mockito/mockito-core/4.11.0/mockito-core-4.11.0.pom
2024-01-12 10:50:08,638 [Worker-42: Building] INFO  o.e.m.c.i.e.AbstractTransferListenerAdapter - Downloaded https://repo.maven.apache.org/maven2/org/mockito/mockito-core/4.11.0/mockito-core-4.11.0.pom
2024-01-12 10:50:08,813 [Worker-42: Building] INFO  o.e.m.c.i.e.AbstractTransferListenerAdapter - Downloading https://repo.maven.apache.org/maven2/net/bytebuddy/byte-buddy/1.12.19/byte-buddy-1.12.19.pom
2024-01-12 10:50:08,928 [Worker-42: Building] INFO  o.e.m.c.i.e.AbstractTransferListenerAdapter - Downloaded https://repo.maven.apache.org/maven2/net/bytebuddy/byte-buddy/1.12.19/byte-buddy-1.12.19.pom
2024-01-12 10:50:08,997 [Worker-42: Building] INFO  o.e.m.c.i.e.AbstractTransferListenerAdapter - Downloading https://repo.maven.apache.org/maven2/net/bytebuddy/byte-buddy-parent/1.12.19/byte-buddy-parent-1.12.19.pom
2024-01-12 10:50:09,156 [Worker-42: Building] INFO  o.e.m.c.i.e.AbstractTransferListenerAdapter - Downloaded https://repo.maven.apache.org/maven2/net/bytebuddy/byte-buddy-parent/1.12.19/byte-buddy-parent-1.12.19.pom
2024-01-12 10:50:09,195 [Worker-42: Building] INFO  o.e.m.c.i.e.AbstractTransferListenerAdapter - Downloading https://repo.maven.apache.org/maven2/net/bytebuddy/byte-buddy-agent/1.12.19/byte-buddy-agent-1.12.19.pom
2024-01-12 10:50:09,231 [Worker-42: Building] INFO  o.e.m.c.i.e.AbstractTransferListenerAdapter - Downloaded https://repo.maven.apache.org/maven2/net/bytebuddy/byte-buddy-agent/1.12.19/byte-buddy-agent-1.12.19.pom
2024-01-12 10:50:09,396 [Worker-42: Building] INFO  o.e.m.c.i.e.AbstractTransferListenerAdapter - Downloading https://repo.maven.apache.org/maven2/org/objenesis/objenesis/3.3/objenesis-3.3.pom
2024-01-12 10:50:09,454 [Worker-42: Building] INFO  o.e.m.c.i.e.AbstractTransferListenerAdapter - Downloaded https://repo.maven.apache.org/maven2/org/objenesis/objenesis/3.3/objenesis-3.3.pom
2024-01-12 10:50:09,629 [Worker-42: Building] INFO  o.e.m.c.i.e.AbstractTransferListenerAdapter - Downloading https://repo.maven.apache.org/maven2/org/objenesis/objenesis-parent/3.3/objenesis-parent-3.3.pom
2024-01-12 10:50:09,671 [Worker-42: Building] INFO  o.e.m.c.i.e.AbstractTransferListenerAdapter - Downloaded https://repo.maven.apache.org/maven2/org/objenesis/objenesis-parent/3.3/objenesis-parent-3.3.pom
2024-01-12 10:50:09,809 [AetherRepositoryConnector-repo.maven.apache.org-0-1] INFO  o.e.m.c.i.e.AbstractTransferListenerAdapter - Downloading https://repo.maven.apache.org/maven2/net/bytebuddy/byte-buddy/1.12.19/byte-buddy-1.12.19.jar
2024-01-12 10:50:09,829 [AetherRepositoryConnector-repo.maven.apache.org-0-3] INFO  o.e.m.c.i.e.AbstractTransferListenerAdapter - Downloading https://repo.maven.apache.org/maven2/org/objenesis/objenesis/3.3/objenesis-3.3.jar
2024-01-12 10:50:09,829 [AetherRepositoryConnector-repo.maven.apache.org-0-0] INFO  o.e.m.c.i.e.AbstractTransferListenerAdapter - Downloading https://repo.maven.apache.org/maven2/org/mockito/mockito-core/4.11.0/mockito-core-4.11.0.jar
2024-01-12 10:50:09,829 [AetherRepositoryConnector-repo.maven.apache.org-0-2] INFO  o.e.m.c.i.e.AbstractTransferListenerAdapter - Downloading https://repo.maven.apache.org/maven2/net/bytebuddy/byte-buddy-agent/1.12.19/byte-buddy-agent-1.12.19.jar
2024-01-12 10:50:10,306 [AetherRepositoryConnector-repo.maven.apache.org-0-2] INFO  o.e.m.c.i.e.AbstractTransferListenerAdapter - Downloaded https://repo.maven.apache.org/maven2/net/bytebuddy/byte-buddy-agent/1.12.19/byte-buddy-agent-1.12.19.jar
2024-01-12 10:50:10,475 [AetherRepositoryConnector-repo.maven.apache.org-0-3] INFO  o.e.m.c.i.e.AbstractTransferListenerAdapter - Downloaded https://repo.maven.apache.org/maven2/org/objenesis/objenesis/3.3/objenesis-3.3.jar
2024-01-12 10:50:10,753 [AetherRepositoryConnector-repo.maven.apache.org-0-0] INFO  o.e.m.c.i.e.AbstractTransferListenerAdapter - Downloaded https://repo.maven.apache.org/maven2/org/mockito/mockito-core/4.11.0/mockito-core-4.11.0.jar
2024-01-12 10:50:11,936 [AetherRepositoryConnector-repo.maven.apache.org-0-1] INFO  o.e.m.c.i.e.AbstractTransferListenerAdapter - Downloaded https://repo.maven.apache.org/maven2/net/bytebuddy/byte-buddy/1.12.19/byte-buddy-1.12.19.jar
2024-01-12 10:50:13,566 [Worker-42: Building] INFO  o.a.m.s.f.DefaultMavenResourcesFiltering - skip non existing resourceDirectory C:\Users\bafli\git\proyectoInterfacezV2\v3\ProyectoInterfaces\src\main\resources
2024-01-12 10:50:13,569 [Worker-42: Building] INFO  o.a.m.s.f.DefaultMavenResourcesFiltering - skip non existing resourceDirectory C:\Users\bafli\git\proyectoInterfacezV2\v3\ProyectoInterfaces\src\test\resources
2024-01-12 10:50:14,247 [Worker-33: Updating Maven Dependencies] INFO  o.e.m.c.i.l.LifecycleMappingFactory - Using org.eclipse.m2e.jdt.JarLifecycleMapping lifecycle mapping for MavenProject: ies.grupo3.interfaces:Proyecto_Interfaces:0.0.1-SNAPSHOT @ C:\Users\bafli\git\proyectoInterfacezV2\v3\ProyectoInterfaces\pom.xml.
2024-01-12 10:50:14,356 [Worker-41: Download sources and javadoc] INFO  o.e.m.c.i.e.AbstractTransferListenerAdapter - Downloading https://repo.maven.apache.org/maven2/org/mockito/mockito-core/4.11.0/mockito-core-4.11.0-sources.jar
2024-01-12 10:50:14,748 [Worker-41: Download sources and javadoc] INFO  o.e.m.c.i.e.AbstractTransferListenerAdapter - Downloaded https://repo.maven.apache.org/maven2/org/mockito/mockito-core/4.11.0/mockito-core-4.11.0-sources.jar
2024-01-12 10:50:14,752 [Worker-41: Download sources and javadoc] INFO  o.e.m.j.internal.DownloadSourcesJob - Downloaded sources for org.mockito:mockito-core:4.11.0
2024-01-12 10:50:14,975 [Worker-41: Download sources and javadoc] INFO  o.e.m.c.i.e.AbstractTransferListenerAdapter - Downloading https://repo.maven.apache.org/maven2/net/bytebuddy/byte-buddy/1.12.19/byte-buddy-1.12.19-sources.jar
2024-01-12 10:50:15,826 [Worker-41: Download sources and javadoc] INFO  o.e.m.c.i.e.AbstractTransferListenerAdapter - Downloaded https://repo.maven.apache.org/maven2/net/bytebuddy/byte-buddy/1.12.19/byte-buddy-1.12.19-sources.jar
2024-01-12 10:50:15,829 [Worker-41: Download sources and javadoc] INFO  o.e.m.j.internal.DownloadSourcesJob - Downloaded sources for net.bytebuddy:byte-buddy:1.12.19
2024-01-12 10:50:15,938 [Worker-41: Download sources and javadoc] INFO  o.e.m.c.i.e.AbstractTransferListenerAdapter - Downloading https://repo.maven.apache.org/maven2/net/bytebuddy/byte-buddy-agent/1.12.19/byte-buddy-agent-1.12.19-sources.jar
2024-01-12 10:50:16,295 [Worker-41: Download sources and javadoc] INFO  o.e.m.c.i.e.AbstractTransferListenerAdapter - Downloaded https://repo.maven.apache.org/maven2/net/bytebuddy/byte-buddy-agent/1.12.19/byte-buddy-agent-1.12.19-sources.jar
2024-01-12 10:50:16,298 [Worker-41: Download sources and javadoc] INFO  o.e.m.j.internal.DownloadSourcesJob - Downloaded sources for net.bytebuddy:byte-buddy-agent:1.12.19
2024-01-12 10:50:16,415 [Worker-41: Download sources and javadoc] INFO  o.e.m.c.i.e.AbstractTransferListenerAdapter - Downloading https://repo.maven.apache.org/maven2/org/objenesis/objenesis/3.3/objenesis-3.3-sources.jar
2024-01-12 10:50:16,512 [Worker-41: Download sources and javadoc] INFO  o.e.m.c.i.e.AbstractTransferListenerAdapter - Downloaded https://repo.maven.apache.org/maven2/org/objenesis/objenesis/3.3/objenesis-3.3-sources.jar
2024-01-12 10:50:16,514 [Worker-41: Download sources and javadoc] INFO  o.e.m.j.internal.DownloadSourcesJob - Downloaded sources for org.objenesis:objenesis:3.3
2024-01-12 10:55:16,083 [Worker-2: Building] INFO  o.a.m.s.f.DefaultMavenResourcesFiltering - skip non existing resourceDirectory C:\Users\bafli\git\proyectoInterfacezV2\v3\ProyectoInterfaces\src\main\resources
2024-01-12 10:55:16,090 [Worker-2: Building] INFO  o.a.m.s.f.DefaultMavenResourcesFiltering - skip non existing resourceDirectory C:\Users\bafli\git\proyectoInterfacezV2\v3\ProyectoInterfaces\src\test\resources
2024-01-12 11:06:31,355 [Worker-2: Building] INFO  o.a.m.s.f.DefaultMavenResourcesFiltering - skip non existing resourceDirectory C:\Users\bafli\git\proyectoInterfacezV2\v3\ProyectoInterfaces\src\main\resources
2024-01-12 11:06:31,362 [Worker-2: Building] INFO  o.a.m.s.f.DefaultMavenResourcesFiltering - skip non existing resourceDirectory C:\Users\bafli\git\proyectoInterfacezV2\v3\ProyectoInterfaces\src\test\resources
2024-01-12 11:09:45,302 [Worker-50: Building] INFO  o.a.m.s.f.DefaultMavenResourcesFiltering - skip non existing resourceDirectory C:\Users\bafli\git\proyectoInterfacezV2\v3\ProyectoInterfaces\src\main\resources
2024-01-12 11:09:45,305 [Worker-50: Building] INFO  o.a.m.s.f.DefaultMavenResourcesFiltering - skip non existing resourceDirectory C:\Users\bafli\git\proyectoInterfacezV2\v3\ProyectoInterfaces\src\test\resources
2024-01-12 11:13:13,508 [Worker-3: Loading available Gradle versions] INFO  o.e.b.c.i.u.g.PublishedGradleVersions - Gradle version information cache is up-to-date. Trying to read.
2024-01-12 11:16:43,298 [Worker-42: Building] INFO  o.a.m.s.f.DefaultMavenResourcesFiltering - skip non existing resourceDirectory C:\Users\bafli\git\proyectoInterfacezV2\v3\ProyectoInterfaces\src\main\resources
2024-01-12 11:16:43,306 [Worker-42: Building] INFO  o.a.m.s.f.DefaultMavenResourcesFiltering - skip non existing resourceDirectory C:\Users\bafli\git\proyectoInterfacezV2\v3\ProyectoInterfaces\src\test\resources
2024-01-12 11:29:22,514 [Worker-43: Building] INFO  o.a.m.s.f.DefaultMavenResourcesFiltering - skip non existing resourceDirectory C:\Users\bafli\git\proyectoInterfacezV2\v3\ProyectoInterfaces\src\main\resources
2024-01-12 11:29:22,519 [Worker-43: Building] INFO  o.a.m.s.f.DefaultMavenResourcesFiltering - skip non existing resourceDirectory C:\Users\bafli\git\proyectoInterfacezV2\v3\ProyectoInterfaces\src\test\resources
2024-01-15 08:57:30,241 [Worker-2: Loading available Gradle versions] INFO  o.e.b.c.i.u.g.PublishedGradleVersions - Gradle version information cache is out-of-date. Trying to update.
2024-01-15 08:59:48,896 [Worker-10: Building] INFO  o.a.m.s.f.DefaultMavenResourcesFiltering - skip non existing resourceDirectory C:\Users\bafli\git\proyectoInterfacezV2\v3\ProyectoInterfaces\src\main\resources
2024-01-15 08:59:48,905 [Worker-10: Building] INFO  o.a.m.s.f.DefaultMavenResourcesFiltering - skip non existing resourceDirectory C:\Users\bafli\git\proyectoInterfacezV2\v3\ProyectoInterfaces\src\test\resources
2024-01-15 09:05:06,925 [Worker-38: Building] INFO  o.a.m.s.f.DefaultMavenResourcesFiltering - skip non existing resourceDirectory C:\Users\bafli\git\proyectoInterfacezV2\v3\ProyectoInterfaces\src\main\resources
2024-01-15 09:05:06,931 [Worker-38: Building] INFO  o.a.m.s.f.DefaultMavenResourcesFiltering - skip non existing resourceDirectory C:\Users\bafli\git\proyectoInterfacezV2\v3\ProyectoInterfaces\src\test\resources
2024-01-15 09:06:15,839 [Worker-40: Building] INFO  o.a.m.s.f.DefaultMavenResourcesFiltering - skip non existing resourceDirectory C:\Users\bafli\git\proyectoInterfacezV2\v3\ProyectoInterfaces\src\main\resources
2024-01-15 09:06:15,842 [Worker-40: Building] INFO  o.a.m.s.f.DefaultMavenResourcesFiltering - skip non existing resourceDirectory C:\Users\bafli\git\proyectoInterfacezV2\v3\ProyectoInterfaces\src\test\resources
2024-01-15 09:06:27,440 [Worker-38: Building] INFO  o.a.m.s.f.DefaultMavenResourcesFiltering - skip non existing resourceDirectory C:\Users\bafli\git\proyectoInterfacezV2\v3\ProyectoInterfaces\src\main\resources
2024-01-15 09:06:27,445 [Worker-38: Building] INFO  o.a.m.s.f.DefaultMavenResourcesFiltering - skip non existing resourceDirectory C:\Users\bafli\git\proyectoInterfacezV2\v3\ProyectoInterfaces\src\test\resources
2024-01-15 09:11:39,705 [Worker-31: Building] INFO  o.a.m.s.f.DefaultMavenResourcesFiltering - skip non existing resourceDirectory C:\Users\bafli\git\proyectoInterfacezV2\v3\ProyectoInterfaces\src\main\resources
2024-01-15 09:11:39,711 [Worker-31: Building] INFO  o.a.m.s.f.DefaultMavenResourcesFiltering - skip non existing resourceDirectory C:\Users\bafli\git\proyectoInterfacezV2\v3\ProyectoInterfaces\src\test\resources
2024-01-15 09:12:21,828 [Worker-38: Building] INFO  o.a.m.s.f.DefaultMavenResourcesFiltering - skip non existing resourceDirectory C:\Users\bafli\git\proyectoInterfacezV2\v3\ProyectoInterfaces\src\main\resources
2024-01-15 09:12:21,834 [Worker-38: Building] INFO  o.a.m.s.f.DefaultMavenResourcesFiltering - skip non existing resourceDirectory C:\Users\bafli\git\proyectoInterfacezV2\v3\ProyectoInterfaces\src\test\resources
2024-01-15 09:12:48,528 [Worker-31: Building] INFO  o.a.m.s.f.DefaultMavenResourcesFiltering - skip non existing resourceDirectory C:\Users\bafli\git\proyectoInterfacezV2\v3\ProyectoInterfaces\src\main\resources
2024-01-15 09:12:48,533 [Worker-31: Building] INFO  o.a.m.s.f.DefaultMavenResourcesFiltering - skip non existing resourceDirectory C:\Users\bafli\git\proyectoInterfacezV2\v3\ProyectoInterfaces\src\test\resources
2024-01-15 09:15:38,086 [Worker-42: Building] INFO  o.a.m.s.f.DefaultMavenResourcesFiltering - skip non existing resourceDirectory C:\Users\bafli\git\proyectoInterfacezV2\v3\ProyectoInterfaces\src\main\resources
2024-01-15 09:15:38,090 [Worker-42: Building] INFO  o.a.m.s.f.DefaultMavenResourcesFiltering - skip non existing resourceDirectory C:\Users\bafli\git\proyectoInterfacezV2\v3\ProyectoInterfaces\src\test\resources
2024-01-15 09:27:58,698 [Worker-46: Building] INFO  o.a.m.s.f.DefaultMavenResourcesFiltering - skip non existing resourceDirectory C:\Users\bafli\git\proyectoInterfacezV2\v3\ProyectoInterfaces\src\main\resources
2024-01-15 09:27:58,704 [Worker-46: Building] INFO  o.a.m.s.f.DefaultMavenResourcesFiltering - skip non existing resourceDirectory C:\Users\bafli\git\proyectoInterfacezV2\v3\ProyectoInterfaces\src\test\resources
2024-01-15 09:39:37,727 [Worker-48: Building] INFO  o.a.m.s.f.DefaultMavenResourcesFiltering - skip non existing resourceDirectory C:\Users\bafli\git\proyectoInterfacezV2\v3\ProyectoInterfaces\src\main\resources
2024-01-15 09:39:37,730 [Worker-48: Building] INFO  o.a.m.s.f.DefaultMavenResourcesFiltering - skip non existing resourceDirectory C:\Users\bafli\git\proyectoInterfacezV2\v3\ProyectoInterfaces\src\test\resources
2024-01-15 09:40:26,945 [Worker-31: Launching Login] INFO  o.a.m.s.f.DefaultMavenResourcesFiltering - skip non existing resourceDirectory C:\Users\bafli\git\proyectoInterfacezV2\v3\ProyectoInterfaces\src\main\resources
2024-01-15 09:40:26,949 [Worker-31: Launching Login] INFO  o.a.m.s.f.DefaultMavenResourcesFiltering - skip non existing resourceDirectory C:\Users\bafli\git\proyectoInterfacezV2\v3\ProyectoInterfaces\src\test\resources
2024-01-15 09:40:51,864 [Worker-50: Launching Login] INFO  o.a.m.s.f.DefaultMavenResourcesFiltering - skip non existing resourceDirectory C:\Users\bafli\git\proyectoInterfacezV2\v3\ProyectoInterfaces\src\main\resources
2024-01-15 09:40:51,868 [Worker-50: Launching Login] INFO  o.a.m.s.f.DefaultMavenResourcesFiltering - skip non existing resourceDirectory C:\Users\bafli\git\proyectoInterfacezV2\v3\ProyectoInterfaces\src\test\resources
2024-01-15 09:54:40,344 [Worker-52: Launching Login] INFO  o.a.m.s.f.DefaultMavenResourcesFiltering - skip non existing resourceDirectory C:\Users\bafli\git\proyectoInterfacezV2\v3\ProyectoInterfaces\src\main\resources
2024-01-15 09:54:40,350 [Worker-52: Launching Login] INFO  o.a.m.s.f.DefaultMavenResourcesFiltering - skip non existing resourceDirectory C:\Users\bafli\git\proyectoInterfacezV2\v3\ProyectoInterfaces\src\test\resources
2024-01-15 09:58:15,841 [Worker-53: Launching Login] INFO  o.a.m.s.f.DefaultMavenResourcesFiltering - skip non existing resourceDirectory C:\Users\bafli\git\proyectoInterfacezV2\v3\ProyectoInterfaces\src\main\resources
2024-01-15 09:58:15,845 [Worker-53: Launching Login] INFO  o.a.m.s.f.DefaultMavenResourcesFiltering - skip non existing resourceDirectory C:\Users\bafli\git\proyectoInterfacezV2\v3\ProyectoInterfaces\src\test\resources
2024-01-15 09:59:38,257 [Worker-52: Building] INFO  o.a.m.s.f.DefaultMavenResourcesFiltering - skip non existing resourceDirectory C:\Users\bafli\git\proyectoInterfacezV2\v3\ProyectoInterfaces\src\main\resources
2024-01-15 09:59:38,266 [Worker-52: Building] INFO  o.a.m.s.f.DefaultMavenResourcesFiltering - skip non existing resourceDirectory C:\Users\bafli\git\proyectoInterfacezV2\v3\ProyectoInterfaces\src\test\resources
2024-01-15 10:00:31,429 [Worker-55: Launching Login] INFO  o.a.m.s.f.DefaultMavenResourcesFiltering - skip non existing resourceDirectory C:\Users\bafli\git\proyectoInterfacezV2\v3\ProyectoInterfaces\src\main\resources
2024-01-15 10:00:31,432 [Worker-55: Launching Login] INFO  o.a.m.s.f.DefaultMavenResourcesFiltering - skip non existing resourceDirectory C:\Users\bafli\git\proyectoInterfacezV2\v3\ProyectoInterfaces\src\test\resources
2024-01-15 10:11:07,684 [Worker-2: Loading available Gradle versions] INFO  o.e.b.c.i.u.g.PublishedGradleVersions - Gradle version information cache is up-to-date. Trying to read.
2024-01-15 10:11:11,924 [Worker-8: Building] INFO  o.a.m.s.f.DefaultMavenResourcesFiltering - skip non existing resourceDirectory C:\Users\bafli\git\proyectoInterfacezV2\v3\ProyectoInterfaces\src\main\resources
2024-01-15 10:11:11,931 [Worker-8: Building] INFO  o.a.m.s.f.DefaultMavenResourcesFiltering - skip non existing resourceDirectory C:\Users\bafli\git\proyectoInterfacezV2\v3\ProyectoInterfaces\src\test\resources
2024-01-15 10:21:15,815 [Worker-18: Building] INFO  o.a.m.s.f.DefaultMavenResourcesFiltering - skip non existing resourceDirectory C:\Users\bafli\git\proyectoInterfacezV2\v3\ProyectoInterfaces\src\main\resources
2024-01-15 10:21:15,821 [Worker-18: Building] INFO  o.a.m.s.f.DefaultMavenResourcesFiltering - skip non existing resourceDirectory C:\Users\bafli\git\proyectoInterfacezV2\v3\ProyectoInterfaces\src\test\resources
2024-01-15 10:23:54,210 [Worker-39: Building] INFO  o.a.m.s.f.DefaultMavenResourcesFiltering - skip non existing resourceDirectory C:\Users\bafli\git\proyectoInterfacezV2\v3\ProyectoInterfaces\src\main\resources
2024-01-15 10:23:54,214 [Worker-39: Building] INFO  o.a.m.s.f.DefaultMavenResourcesFiltering - skip non existing resourceDirectory C:\Users\bafli\git\proyectoInterfacezV2\v3\ProyectoInterfaces\src\test\resources
2024-01-15 10:25:44,450 [Worker-41: Launching Login] INFO  o.a.m.s.f.DefaultMavenResourcesFiltering - skip non existing resourceDirectory C:\Users\bafli\git\proyectoInterfacezV2\v3\ProyectoInterfaces\src\main\resources
2024-01-15 10:25:44,455 [Worker-41: Launching Login] INFO  o.a.m.s.f.DefaultMavenResourcesFiltering - skip non existing resourceDirectory C:\Users\bafli\git\proyectoInterfacezV2\v3\ProyectoInterfaces\src\test\resources
2024-01-15 10:27:12,777 [Worker-39: Launching Login] INFO  o.a.m.s.f.DefaultMavenResourcesFiltering - skip non existing resourceDirectory C:\Users\bafli\git\proyectoInterfacezV2\v3\ProyectoInterfaces\src\main\resources
2024-01-15 10:27:12,780 [Worker-39: Launching Login] INFO  o.a.m.s.f.DefaultMavenResourcesFiltering - skip non existing resourceDirectory C:\Users\bafli\git\proyectoInterfacezV2\v3\ProyectoInterfaces\src\test\resources
2024-01-15 10:29:09,908 [Worker-11: Building] INFO  o.a.m.s.f.DefaultMavenResourcesFiltering - skip non existing resourceDirectory C:\Users\bafli\git\proyectoInterfacezV2\v3\ProyectoInterfaces\src\main\resources
2024-01-15 10:29:09,911 [Worker-11: Building] INFO  o.a.m.s.f.DefaultMavenResourcesFiltering - skip non existing resourceDirectory C:\Users\bafli\git\proyectoInterfacezV2\v3\ProyectoInterfaces\src\test\resources
2024-01-15 10:29:37,339 [Worker-42: Building] INFO  o.a.m.s.f.DefaultMavenResourcesFiltering - skip non existing resourceDirectory C:\Users\bafli\git\proyectoInterfacezV2\v3\ProyectoInterfaces\src\main\resources
2024-01-15 10:29:37,342 [Worker-42: Building] INFO  o.a.m.s.f.DefaultMavenResourcesFiltering - skip non existing resourceDirectory C:\Users\bafli\git\proyectoInterfacezV2\v3\ProyectoInterfaces\src\test\resources
2024-01-15 10:33:02,704 [Worker-43: Building] INFO  o.a.m.s.f.DefaultMavenResourcesFiltering - skip non existing resourceDirectory C:\Users\bafli\git\proyectoInterfacezV2\v3\ProyectoInterfaces\src\main\resources
2024-01-15 10:33:02,706 [Worker-43: Building] INFO  o.a.m.s.f.DefaultMavenResourcesFiltering - skip non existing resourceDirectory C:\Users\bafli\git\proyectoInterfacezV2\v3\ProyectoInterfaces\src\test\resources
2024-01-15 10:34:32,819 [Worker-9: Building] INFO  o.a.m.s.f.DefaultMavenResourcesFiltering - skip non existing resourceDirectory C:\Users\bafli\git\proyectoInterfacezV2\v3\ProyectoInterfaces\src\main\resources
2024-01-15 10:34:32,825 [Worker-9: Building] INFO  o.a.m.s.f.DefaultMavenResourcesFiltering - skip non existing resourceDirectory C:\Users\bafli\git\proyectoInterfacezV2\v3\ProyectoInterfaces\src\test\resources
2024-01-17 12:07:07,886 [Worker-3: Loading available Gradle versions] INFO  o.e.b.c.i.u.g.PublishedGradleVersions - Gradle version information cache is out-of-date. Trying to update.
2024-01-17 12:08:41,301 [Worker-5: Building] INFO  o.e.m.c.i.e.AbstractTransferListenerAdapter - Downloading https://repo.maven.apache.org/maven2/mysql/mysql-connector-java/8.0.33/mysql-connector-java-8.0.33.pom
2024-01-17 12:08:41,387 [Worker-5: Building] INFO  o.e.m.c.i.e.AbstractTransferListenerAdapter - Downloaded https://repo.maven.apache.org/maven2/mysql/mysql-connector-java/8.0.33/mysql-connector-java-8.0.33.pom
2024-01-17 12:08:41,427 [Worker-5: Building] INFO  o.e.m.c.i.e.AbstractTransferListenerAdapter - Downloading https://repo.maven.apache.org/maven2/com/mysql/mysql-connector-j/8.0.33/mysql-connector-j-8.0.33.pom
2024-01-17 12:08:41,486 [Worker-5: Building] INFO  o.e.m.c.i.e.AbstractTransferListenerAdapter - Downloaded https://repo.maven.apache.org/maven2/com/mysql/mysql-connector-j/8.0.33/mysql-connector-j-8.0.33.pom
2024-01-17 12:08:41,530 [Worker-5: Building] INFO  o.e.m.c.i.e.AbstractTransferListenerAdapter - Downloading https://repo.maven.apache.org/maven2/com/google/protobuf/protobuf-java/3.21.9/protobuf-java-3.21.9.pom
2024-01-17 12:08:41,573 [Worker-5: Building] INFO  o.e.m.c.i.e.AbstractTransferListenerAdapter - Downloaded https://repo.maven.apache.org/maven2/com/google/protobuf/protobuf-java/3.21.9/protobuf-java-3.21.9.pom
2024-01-17 12:08:41,610 [Worker-5: Building] INFO  o.e.m.c.i.e.AbstractTransferListenerAdapter - Downloading https://repo.maven.apache.org/maven2/com/google/protobuf/protobuf-parent/3.21.9/protobuf-parent-3.21.9.pom
2024-01-17 12:08:41,664 [Worker-5: Building] INFO  o.e.m.c.i.e.AbstractTransferListenerAdapter - Downloaded https://repo.maven.apache.org/maven2/com/google/protobuf/protobuf-parent/3.21.9/protobuf-parent-3.21.9.pom
2024-01-17 12:08:41,783 [Worker-5: Building] INFO  o.e.m.c.i.e.AbstractTransferListenerAdapter - Downloading https://repo.maven.apache.org/maven2/com/google/protobuf/protobuf-bom/3.21.9/protobuf-bom-3.21.9.pom
2024-01-17 12:08:41,896 [Worker-5: Building] INFO  o.e.m.c.i.e.AbstractTransferListenerAdapter - Downloaded https://repo.maven.apache.org/maven2/com/google/protobuf/protobuf-bom/3.21.9/protobuf-bom-3.21.9.pom
2024-01-17 12:08:41,907 [Worker-5: Building] WARN  o.e.m.c.i.embedder.EclipseLogger - The artifact mysql:mysql-connector-java:jar:8.0.33 has been relocated to com.mysql:mysql-connector-j:jar:8.0.33: MySQL Connector/J artifacts moved to reverse-DNS compliant Maven 2+ coordinates.
2024-01-17 12:08:42,001 [AetherRepositoryConnector-repo.maven.apache.org-0-0] INFO  o.e.m.c.i.e.AbstractTransferListenerAdapter - Downloading https://repo.maven.apache.org/maven2/com/mysql/mysql-connector-j/8.0.33/mysql-connector-j-8.0.33.jar
2024-01-17 12:08:42,106 [AetherRepositoryConnector-repo.maven.apache.org-0-1] INFO  o.e.m.c.i.e.AbstractTransferListenerAdapter - Downloading https://repo.maven.apache.org/maven2/com/google/protobuf/protobuf-java/3.21.9/protobuf-java-3.21.9.jar
2024-01-17 12:08:43,814 [AetherRepositoryConnector-repo.maven.apache.org-0-1] INFO  o.e.m.c.i.e.AbstractTransferListenerAdapter - Downloaded https://repo.maven.apache.org/maven2/com/google/protobuf/protobuf-java/3.21.9/protobuf-java-3.21.9.jar
2024-01-17 12:08:43,963 [AetherRepositoryConnector-repo.maven.apache.org-0-0] INFO  o.e.m.c.i.e.AbstractTransferListenerAdapter - Downloaded https://repo.maven.apache.org/maven2/com/mysql/mysql-connector-j/8.0.33/mysql-connector-j-8.0.33.jar
2024-01-17 12:08:45,869 [Worker-5: Building] INFO  o.e.m.c.i.l.LifecycleMappingFactory - Using org.eclipse.m2e.jdt.JarLifecycleMapping lifecycle mapping for MavenProject: ies.grupo3.interfaces:Proyecto_Interfaces:0.0.1-SNAPSHOT @ C:\Users\bafli\git\proyectoInterfacezV2\v3\ProyectoInterfaces\pom.xml.
2024-01-17 12:08:45,919 [Worker-5: Building] WARN  o.e.m.c.i.embedder.EclipseLogger - The artifact mysql:mysql-connector-java:jar:8.0.33 has been relocated to com.mysql:mysql-connector-j:jar:8.0.33: MySQL Connector/J artifacts moved to reverse-DNS compliant Maven 2+ coordinates.
2024-01-17 12:08:46,569 [Worker-5: Building] INFO  o.a.m.s.f.DefaultMavenResourcesFiltering - skip non existing resourceDirectory C:\Users\bafli\git\proyectoInterfacezV2\v3\ProyectoInterfaces\src\main\resources
2024-01-17 12:08:46,574 [Worker-5: Building] INFO  o.a.m.s.f.DefaultMavenResourcesFiltering - skip non existing resourceDirectory C:\Users\bafli\git\proyectoInterfacezV2\v3\ProyectoInterfaces\src\test\resources
2024-01-17 12:08:47,442 [Worker-33: Download sources and javadoc] INFO  o.e.m.c.i.e.AbstractTransferListenerAdapter - Downloading https://repo.maven.apache.org/maven2/com/mysql/mysql-connector-j/8.0.33/mysql-connector-j-8.0.33-sources.jar
2024-01-17 12:08:47,990 [Worker-33: Download sources and javadoc] INFO  o.e.m.c.i.e.AbstractTransferListenerAdapter - Downloaded https://repo.maven.apache.org/maven2/com/mysql/mysql-connector-j/8.0.33/mysql-connector-j-8.0.33-sources.jar
2024-01-17 12:08:47,999 [Worker-33: Download sources and javadoc] INFO  o.e.m.j.internal.DownloadSourcesJob - Downloaded sources for com.mysql:mysql-connector-j:8.0.33
2024-01-17 12:08:48,263 [Worker-33: Download sources and javadoc] INFO  o.e.m.c.i.e.AbstractTransferListenerAdapter - Downloading https://repo.maven.apache.org/maven2/com/google/protobuf/protobuf-java/3.21.9/protobuf-java-3.21.9-sources.jar
2024-01-17 12:08:48,812 [Worker-33: Download sources and javadoc] INFO  o.e.m.c.i.e.AbstractTransferListenerAdapter - Downloaded https://repo.maven.apache.org/maven2/com/google/protobuf/protobuf-java/3.21.9/protobuf-java-3.21.9-sources.jar
2024-01-17 12:08:48,816 [Worker-33: Download sources and javadoc] INFO  o.e.m.j.internal.DownloadSourcesJob - Downloaded sources for com.google.protobuf:protobuf-java:3.21.9
2024-01-17 12:09:43,247 [Worker-7: Loading available Gradle versions] INFO  o.e.b.c.i.u.g.PublishedGradleVersions - Gradle version information cache is up-to-date. Trying to read.
2024-01-17 12:10:11,336 [Worker-26: Building] WARN  o.e.m.c.i.embedder.EclipseLogger - The artifact mysql:mysql-connector-java:jar:8.0.33 has been relocated to com.mysql:mysql-connector-j:jar:8.0.33: MySQL Connector/J artifacts moved to reverse-DNS compliant Maven 2+ coordinates.
2024-01-17 12:10:11,966 [Worker-26: Building] INFO  o.a.m.s.f.DefaultMavenResourcesFiltering - skip non existing resourceDirectory C:\Users\bafli\git\proyectoInterfacezV2\v3\ProyectoInterfaces\src\main\resources
2024-01-17 12:10:11,977 [Worker-26: Building] INFO  o.a.m.s.f.DefaultMavenResourcesFiltering - skip non existing resourceDirectory C:\Users\bafli\git\proyectoInterfacezV2\v3\ProyectoInterfaces\src\test\resources
2024-01-17 12:10:25,039 [Worker-32: Building] INFO  o.a.m.s.f.DefaultMavenResourcesFiltering - skip non existing resourceDirectory C:\Users\bafli\git\proyectoInterfacezV2\v3\ProyectoInterfaces\src\main\resources
2024-01-17 12:10:25,045 [Worker-32: Building] INFO  o.a.m.s.f.DefaultMavenResourcesFiltering - skip non existing resourceDirectory C:\Users\bafli\git\proyectoInterfacezV2\v3\ProyectoInterfaces\src\test\resources
2024-01-17 12:16:57,007 [Worker-17: Launching Login] INFO  o.a.m.s.f.DefaultMavenResourcesFiltering - skip non existing resourceDirectory C:\Users\bafli\git\proyectoInterfacezV2\v3\ProyectoInterfaces\src\main\resources
2024-01-17 12:16:57,012 [Worker-17: Launching Login] INFO  o.a.m.s.f.DefaultMavenResourcesFiltering - skip non existing resourceDirectory C:\Users\bafli\git\proyectoInterfacezV2\v3\ProyectoInterfaces\src\test\resources
2024-01-17 12:19:15,405 [Worker-6: Launching Login] INFO  o.a.m.s.f.DefaultMavenResourcesFiltering - skip non existing resourceDirectory C:\Users\bafli\git\proyectoInterfacezV2\v3\ProyectoInterfaces\src\main\resources
2024-01-17 12:19:15,412 [Worker-6: Launching Login] INFO  o.a.m.s.f.DefaultMavenResourcesFiltering - skip non existing resourceDirectory C:\Users\bafli\git\proyectoInterfacezV2\v3\ProyectoInterfaces\src\test\resources
2024-01-17 12:25:58,073 [Worker-32: Building] INFO  o.a.m.s.f.DefaultMavenResourcesFiltering - skip non existing resourceDirectory C:\Users\bafli\git\proyectoInterfacezV2\v3\ProyectoInterfaces\src\main\resources
2024-01-17 12:25:58,075 [Worker-32: Building] INFO  o.a.m.s.f.DefaultMavenResourcesFiltering - skip non existing resourceDirectory C:\Users\bafli\git\proyectoInterfacezV2\v3\ProyectoInterfaces\src\test\resources
2024-01-17 12:29:13,750 [Worker-38: Building] INFO  o.a.m.s.f.DefaultMavenResourcesFiltering - skip non existing resourceDirectory C:\Users\bafli\git\proyectoInterfacezV2\v3\ProyectoInterfaces\src\main\resources
2024-01-17 12:29:13,754 [Worker-38: Building] INFO  o.a.m.s.f.DefaultMavenResourcesFiltering - skip non existing resourceDirectory C:\Users\bafli\git\proyectoInterfacezV2\v3\ProyectoInterfaces\src\test\resources
2024-01-17 12:33:09,272 [Worker-42: Building] INFO  o.a.m.s.f.DefaultMavenResourcesFiltering - skip non existing resourceDirectory C:\Users\bafli\git\proyectoInterfacezV2\v3\ProyectoInterfaces\src\main\resources
2024-01-17 12:33:09,275 [Worker-42: Building] INFO  o.a.m.s.f.DefaultMavenResourcesFiltering - skip non existing resourceDirectory C:\Users\bafli\git\proyectoInterfacezV2\v3\ProyectoInterfaces\src\test\resources
2024-01-17 12:34:18,870 [Worker-42: Building] INFO  o.a.m.s.f.DefaultMavenResourcesFiltering - skip non existing resourceDirectory C:\Users\bafli\git\proyectoInterfacezV2\v3\ProyectoInterfaces\src\main\resources
2024-01-17 12:34:18,873 [Worker-42: Building] INFO  o.a.m.s.f.DefaultMavenResourcesFiltering - skip non existing resourceDirectory C:\Users\bafli\git\proyectoInterfacezV2\v3\ProyectoInterfaces\src\test\resources
2024-01-17 12:35:43,412 [Worker-38: Building] INFO  o.a.m.s.f.DefaultMavenResourcesFiltering - skip non existing resourceDirectory C:\Users\bafli\git\proyectoInterfacezV2\v3\ProyectoInterfaces\src\main\resources
2024-01-17 12:35:43,415 [Worker-38: Building] INFO  o.a.m.s.f.DefaultMavenResourcesFiltering - skip non existing resourceDirectory C:\Users\bafli\git\proyectoInterfacezV2\v3\ProyectoInterfaces\src\test\resources
2024-01-17 12:36:50,267 [Worker-0: Loading available Gradle versions] INFO  o.e.b.c.i.u.g.PublishedGradleVersions - Gradle version information cache is up-to-date. Trying to read.
2024-01-17 12:37:08,865 [Worker-9: Launching Login] WARN  o.e.m.c.i.embedder.EclipseLogger - The artifact mysql:mysql-connector-java:jar:8.0.33 has been relocated to com.mysql:mysql-connector-j:jar:8.0.33: MySQL Connector/J artifacts moved to reverse-DNS compliant Maven 2+ coordinates.
2024-01-17 12:38:05,967 [Worker-28: Building] INFO  o.a.m.s.f.DefaultMavenResourcesFiltering - skip non existing resourceDirectory C:\Users\bafli\git\proyectoInterfacezV2\v3\ProyectoInterfaces\src\main\resources
2024-01-17 12:38:05,972 [Worker-28: Building] INFO  o.a.m.s.f.DefaultMavenResourcesFiltering - skip non existing resourceDirectory C:\Users\bafli\git\proyectoInterfacezV2\v3\ProyectoInterfaces\src\test\resources
2024-01-17 12:38:34,757 [Worker-39: Building] INFO  o.a.m.s.f.DefaultMavenResourcesFiltering - skip non existing resourceDirectory C:\Users\bafli\git\proyectoInterfacezV2\v3\ProyectoInterfaces\src\main\resources
2024-01-17 12:38:34,761 [Worker-39: Building] INFO  o.a.m.s.f.DefaultMavenResourcesFiltering - skip non existing resourceDirectory C:\Users\bafli\git\proyectoInterfacezV2\v3\ProyectoInterfaces\src\test\resources
2024-01-17 12:41:47,427 [Worker-42: Building] INFO  o.a.m.s.f.DefaultMavenResourcesFiltering - skip non existing resourceDirectory C:\Users\bafli\git\proyectoInterfacezV2\v3\ProyectoInterfaces\src\main\resources
2024-01-17 12:41:47,429 [Worker-42: Building] INFO  o.a.m.s.f.DefaultMavenResourcesFiltering - skip non existing resourceDirectory C:\Users\bafli\git\proyectoInterfacezV2\v3\ProyectoInterfaces\src\test\resources
